[2025/03/25 16:31:13]: §9          __             _       
[2025/03/25 16:31:13]: §9  _ __   / /  ___   __ _(_)_ __  
[2025/03/25 16:31:13]: §9 | '_ \ / /  / _ \ / _` | | '_ \ 
[2025/03/25 16:31:13]: §9 | | | / /__| (_) | (_| | | | | |
[2025/03/25 16:31:13]: §9 |_| |_\____/\___/ \__, |_|_| |_|
[2025/03/25 16:31:13]: §9                  |___/            
[2025/03/25 16:31:13]: §9 By: www.nickuc.com - V 10.3.27
[2025/03/25 16:31:13]: §9 
[2025/03/25 16:31:13]: §3[nLogin] [DEBUG] All settings were loaded in 388 ms.
[2025/03/25 16:31:13]: §3[nLogin] [DEBUG] Loading the messages_en.yml message file...
[2025/03/25 16:31:13]: §3[nLogin] [DEBUG] All plugin messages were loaded in 180 ms (languageByClient=false).
[2025/03/25 16:31:13]: §3[nLogin] [DEBUG] All proxy settings were loaded in 18 ms.
[2025/03/25 16:31:13]: §3[nLogin] [DEBUG] Loading database...
[2025/03/25 16:31:14]: §3[nLogin] [DEBUG] Starting logger filter...
[2025/03/25 16:31:19]: 
[2025/03/25 16:31:19]:  §bThank you so much for choosing nLogin! §4<3
[2025/03/25 16:31:19]: 
[2025/03/25 16:31:19]:  §4For your safety, please read the message below:
[2025/03/25 16:31:19]:   §cNever download nLogin from unknown sources.
[2025/03/25 16:31:19]:   §cA modified version may contain malicious software.
[2025/03/25 16:31:19]: 
[2025/03/25 16:31:19]:  §3Trusted sources:
[2025/03/25 16:31:19]:   §bwww.nickuc.com
[2025/03/25 16:31:19]:   §bwww.github.com/nickuc
[2025/03/25 16:31:19]:   §bOpeNLogin installer (from Spigot or GitHub)
[2025/03/25 16:31:19]: 
[2025/03/25 16:31:19]:  §3Official support channels:
[2025/03/25 16:31:19]:   §bDiscord group: §fwww.nickuc.com/discord
[2025/03/25 16:31:19]:   §bDocumentation: §fdocs.nickuc.com/nlogin/
[2025/03/25 16:31:19]:   §bEmail: §fsupport@nickuc.com
[2025/03/25 16:31:19]:   §bYouTube: §fyoutube.com/nickuc
[2025/03/25 16:31:19]: 
[2025/03/25 16:31:19]:  §eTo remove this warning, log in with "nlogin.admin" permission on the server
[2025/03/25 16:31:19]:  §eand click the "Setup plugin" button to configure your plugin.
[2025/03/25 16:31:19]: 
[2025/03/25 16:40:48]: §3[nLogin] [DEBUG] [SQLite] [UPDATE]: "UPDATE `nlogin` SET `last_name` = 'sigma_toilet', `unique_id` = b28fe227eec332ab8996b39619c7e9d3,  `mojang_id` = null,  `bedrock_id` = null,  `password` = '$2a$10$fMXziqEDLXG7CbjM/PRTWeR3.lrux3mzjJoV5KAQATcIdoivn7bJm', `last_ip` = '0:0:0:0:0:0:0:1%0', `creation_date` = 2025-03-24 20:45:54.229, `last_seen` = 2025-03-25 16:40:48.427, `email` = null, `discord` = null, `settings` = '{"settings":[{"value":"survival","key":"last-server"},{"value":"en","key":"language"}],"version":0}' WHERE `ai` = 1" (applied to [last_ip, last_seen, settings] columns)
[2025/03/25 16:40:48]: [nLogin] The user sigma_toilet has successfully logged in.
[2025/03/25 16:42:30]: §3[nLogin] [DEBUG] [SQLite] [UPDATE]: "UPDATE `nlogin` SET `last_name` = 'sigma_toilet', `unique_id` = b28fe227eec332ab8996b39619c7e9d3,  `mojang_id` = null,  `bedrock_id` = null,  `password` = '$2a$10$fMXziqEDLXG7CbjM/PRTWeR3.lrux3mzjJoV5KAQATcIdoivn7bJm', `last_ip` = '0:0:0:0:0:0:0:1%0', `creation_date` = 2025-03-24 20:45:54.229, `last_seen` = 2025-03-25 16:42:30.905, `email` = null, `discord` = null, `settings` = '{"settings":[{"value":"survival","key":"last-server"},{"value":"en","key":"language"}],"version":0}' WHERE `ai` = 1" (applied to [last_seen, settings] columns)
[2025/03/25 16:43:33]: §3[nLogin] [DEBUG] [SQLite] [UPDATE]: "UPDATE `nlogin` SET `last_name` = 'sigma_toilet', `unique_id` = b28fe227eec332ab8996b39619c7e9d3,  `mojang_id` = null,  `bedrock_id` = null,  `password` = '$2a$10$fMXziqEDLXG7CbjM/PRTWeR3.lrux3mzjJoV5KAQATcIdoivn7bJm', `last_ip` = '0:0:0:0:0:0:0:1%0', `creation_date` = 2025-03-24 20:45:54.229, `last_seen` = 2025-03-25 16:43:33.12, `email` = null, `discord` = null, `settings` = '{"settings":[{"value":"survival","key":"last-server"},{"value":"en","key":"language"}],"version":0}' WHERE `ai` = 1" (applied to [last_ip, last_seen, settings] columns)
[2025/03/25 16:43:33]: [nLogin] The user sigma_toilet has successfully logged in.
[2025/03/25 16:46:20]: §3[nLogin] [DEBUG] [SQLite] [UPDATE]: "UPDATE `nlogin` SET `last_name` = 'sigma_toilet', `unique_id` = b28fe227eec332ab8996b39619c7e9d3,  `mojang_id` = null,  `bedrock_id` = null,  `password` = '$2a$10$fMXziqEDLXG7CbjM/PRTWeR3.lrux3mzjJoV5KAQATcIdoivn7bJm', `last_ip` = '0:0:0:0:0:0:0:1%0', `creation_date` = 2025-03-24 20:45:54.229, `last_seen` = 2025-03-25 16:46:20.921, `email` = null, `discord` = null, `settings` = '{"settings":[{"value":"survival","key":"last-server"},{"value":"en","key":"language"}],"version":0}' WHERE `ai` = 1" (applied to [last_seen, settings] columns)
[2025/03/25 17:03:36]: §3[nLogin] [DEBUG] [SQLite] [UPDATE]: "INSERT INTO `nlogin` (`last_name`, `unique_id`, `mojang_id`, `bedrock_id`, `password`, `last_ip`, `creation_date`, `last_seen`, `email`, `discord`, `settings`) VALUES ('ConquestyDaddy', 40f43b3307f132a3935fd2f7fbbc0959, null, null, '$2a$10$LeBbGLjMLa1eV8OoRCRw1O5AHqp3THuU3RZIIx./roIUqjqUmQK8i', '0:0:0:0:0:0:0:1%0', '2025-03-25 17:03:36.707', '2025-03-25 17:03:36.707', null, null, null)" (applied to all columns)
[2025/03/25 17:03:36]: [nLogin] The user ConquestyDaddy has successfully registered.
[2025/03/25 17:03:41]: §3[nLogin] [DEBUG] [SQLite] [UPDATE]: "UPDATE `nlogin` SET `last_name` = 'sigma_toilet', `unique_id` = b28fe227eec332ab8996b39619c7e9d3,  `mojang_id` = null,  `bedrock_id` = null,  `password` = '$2a$10$fMXziqEDLXG7CbjM/PRTWeR3.lrux3mzjJoV5KAQATcIdoivn7bJm', `last_ip` = '0:0:0:0:0:0:0:1%0', `creation_date` = 2025-03-24 20:45:54.229, `last_seen` = 2025-03-25 17:03:41.622, `email` = null, `discord` = null, `settings` = '{"settings":[{"value":"survival","key":"last-server"},{"value":"en","key":"language"}],"version":0}' WHERE `ai` = 1" (applied to [last_ip, last_seen, settings] columns)
[2025/03/25 17:03:41]: [nLogin] The user sigma_toilet has successfully logged in.
[2025/03/25 17:03:52]: §3[nLogin] [DEBUG] [SQLite] [UPDATE]: "UPDATE `nlogin` SET `last_name` = 'ConquestyDaddy', `unique_id` = 40f43b3307f132a3935fd2f7fbbc0959,  `mojang_id` = null,  `bedrock_id` = null,  `password` = '$2a$10$LeBbGLjMLa1eV8OoRCRw1O5AHqp3THuU3RZIIx./roIUqjqUmQK8i', `last_ip` = '0:0:0:0:0:0:0:1%0', `creation_date` = 2025-03-25 17:03:36.707, `last_seen` = 2025-03-25 17:03:52.093, `email` = null, `discord` = null, `settings` = '{"settings":[{"value":"survival","key":"last-server"},{"value":"en","key":"language"}],"version":0}' WHERE `ai` = 2" (applied to [last_seen, settings] columns)
[2025/03/25 17:04:09]: §3[nLogin] [DEBUG] [SQLite] [UPDATE]: "UPDATE `nlogin` SET `last_name` = 'ConquestyDaddy', `unique_id` = 40f43b3307f132a3935fd2f7fbbc0959,  `mojang_id` = null,  `bedrock_id` = null,  `password` = '$2a$10$LeBbGLjMLa1eV8OoRCRw1O5AHqp3THuU3RZIIx./roIUqjqUmQK8i', `last_ip` = '0:0:0:0:0:0:0:1%0', `creation_date` = 2025-03-25 17:03:36.707, `last_seen` = 2025-03-25 17:04:09.9, `email` = null, `discord` = null, `settings` = '{"settings":[{"value":"survival","key":"last-server"},{"value":"en","key":"language"}],"version":0}' WHERE `ai` = 2" (applied to [last_ip, last_seen, settings] columns)
[2025/03/25 17:04:09]: [nLogin] The user ConquestyDaddy has successfully logged in.
[2025/03/25 17:04:25]: §3[nLogin] [DEBUG] [SQLite] [UPDATE]: "UPDATE `nlogin` SET `last_name` = 'ConquestyDaddy', `unique_id` = 40f43b3307f132a3935fd2f7fbbc0959,  `mojang_id` = null,  `bedrock_id` = null,  `password` = '$2a$10$LeBbGLjMLa1eV8OoRCRw1O5AHqp3THuU3RZIIx./roIUqjqUmQK8i', `last_ip` = '0:0:0:0:0:0:0:1%0', `creation_date` = 2025-03-25 17:03:36.707, `last_seen` = 2025-03-25 17:04:25.591, `email` = null, `discord` = null, `settings` = '{"settings":[{"value":"survival","key":"last-server"},{"value":"en","key":"language"}],"version":0}' WHERE `ai` = 2" (applied to [last_seen, settings] columns)
[2025/03/25 17:04:38]: §3[nLogin] [DEBUG] [SQLite] [UPDATE]: "UPDATE `nlogin` SET `last_name` = 'ConquestyDaddy', `unique_id` = 40f43b3307f132a3935fd2f7fbbc0959,  `mojang_id` = null,  `bedrock_id` = null,  `password` = '$2a$10$LeBbGLjMLa1eV8OoRCRw1O5AHqp3THuU3RZIIx./roIUqjqUmQK8i', `last_ip` = '0:0:0:0:0:0:0:1%0', `creation_date` = 2025-03-25 17:03:36.707, `last_seen` = 2025-03-25 17:04:38.895, `email` = null, `discord` = null, `settings` = '{"settings":[{"value":"survival","key":"last-server"},{"value":"en","key":"language"}],"version":0}' WHERE `ai` = 2" (applied to [last_ip, last_seen, settings] columns)
[2025/03/25 17:04:38]: [nLogin] The user ConquestyDaddy has successfully logged in.
[2025/03/25 17:05:10]: §3[nLogin] [DEBUG] [SQLite] [UPDATE]: "UPDATE `nlogin` SET `last_name` = 'sigma_toilet', `unique_id` = b28fe227eec332ab8996b39619c7e9d3,  `mojang_id` = null,  `bedrock_id` = null,  `password` = '$2a$10$fMXziqEDLXG7CbjM/PRTWeR3.lrux3mzjJoV5KAQATcIdoivn7bJm', `last_ip` = '0:0:0:0:0:0:0:1%0', `creation_date` = 2025-03-24 20:45:54.229, `last_seen` = 2025-03-25 17:05:10.137, `email` = null, `discord` = null, `settings` = '{"settings":[{"value":"survival","key":"last-server"},{"value":"en","key":"language"}],"version":0}' WHERE `ai` = 1" (applied to [last_seen, settings] columns)
