[2025/03/24 20:42:07]: §9          __             _       
[2025/03/24 20:42:07]: §9  _ __   / /  ___   __ _(_)_ __  
[2025/03/24 20:42:07]: §9 | '_ \ / /  / _ \ / _` | | '_ \ 
[2025/03/24 20:42:07]: §9 | | | / /__| (_) | (_| | | | | |
[2025/03/24 20:42:07]: §9 |_| |_\____/\___/ \__, |_|_| |_|
[2025/03/24 20:42:07]: §9                  |___/            
[2025/03/24 20:42:07]: §9 By: www.nickuc.com - V 10.3.27
[2025/03/24 20:42:07]: §9 
[2025/03/24 20:42:07]: §3[nLogin] [DEBUG] All settings were loaded in 190 ms.
[2025/03/24 20:42:07]: §3[nLogin] [DEBUG] Loading the messages_en.yml message file...
[2025/03/24 20:42:07]: §3[nLogin] [DEBUG] All plugin messages were loaded in 71 ms (languageByClient=false).
[2025/03/24 20:42:07]: §3[nLogin] [DEBUG] All proxy settings were loaded in 14 ms.
[2025/03/24 20:42:07]: §3[nLogin] [DEBUG] Loading database...
[2025/03/24 20:42:07]: [nLogin] Generating RSA keypair... (this may take a while)
[2025/03/24 20:42:08]: [nLogin] Download finished (took 1090ms, hash = 6c77ce3c8214b402522c06127d69415d29b44b8b2229d241799ee27510166343)
[2025/03/24 20:42:08]: [nLogin] The RSA key pair was successfully generated. Took 1.20s
[2025/03/24 20:42:08]: §3[nLogin] [DEBUG] Starting logger filter...
[2025/03/24 20:42:13]: 
[2025/03/24 20:42:13]:  §bThank you so much for choosing nLogin! §4<3
[2025/03/24 20:42:13]: 
[2025/03/24 20:42:13]:  §4For your safety, please read the message below:
[2025/03/24 20:42:13]:   §cNever download nLogin from unknown sources.
[2025/03/24 20:42:13]:   §cA modified version may contain malicious software.
[2025/03/24 20:42:13]: 
[2025/03/24 20:42:13]:  §3Trusted sources:
[2025/03/24 20:42:13]:   §bwww.nickuc.com
[2025/03/24 20:42:13]:   §bwww.github.com/nickuc
[2025/03/24 20:42:13]:   §bOpeNLogin installer (from Spigot or GitHub)
[2025/03/24 20:42:13]: 
[2025/03/24 20:42:13]:  §3Official support channels:
[2025/03/24 20:42:13]:   §bDiscord group: §fwww.nickuc.com/discord
[2025/03/24 20:42:13]:   §bDocumentation: §fdocs.nickuc.com/nlogin/
[2025/03/24 20:42:13]:   §bEmail: §fsupport@nickuc.com
[2025/03/24 20:42:13]:   §bYouTube: §fyoutube.com/nickuc
[2025/03/24 20:42:13]: 
[2025/03/24 20:42:13]:  §eTo remove this warning, log in with "nlogin.admin" permission on the server
[2025/03/24 20:42:13]:  §eand click the "Setup plugin" button to configure your plugin.
[2025/03/24 20:42:13]: 
[2025/03/24 20:45:54]: §3[nLogin] [DEBUG] [SQLite] [UPDATE]: "INSERT INTO `nlogin` (`last_name`, `unique_id`, `mojang_id`, `bedrock_id`, `password`, `last_ip`, `creation_date`, `last_seen`, `email`, `discord`, `settings`) VALUES ('sigma_toilet', b28fe227eec332ab8996b39619c7e9d3, null, null, '$2a$10$fMXziqEDLXG7CbjM/PRTWeR3.lrux3mzjJoV5KAQATcIdoivn7bJm', '0:0:0:0:0:0:0:1%0', '2025-03-24 20:45:54.229', '2025-03-24 20:45:54.229', null, null, null)" (applied to all columns)
[2025/03/24 20:45:54]: [nLogin] The user sigma_toilet has successfully registered.
[2025/03/24 20:46:31]: §3[nLogin] [DEBUG] [SQLite] [UPDATE]: "UPDATE `nlogin` SET `last_name` = 'sigma_toilet', `unique_id` = b28fe227eec332ab8996b39619c7e9d3,  `mojang_id` = null,  `bedrock_id` = null,  `password` = '$2a$10$fMXziqEDLXG7CbjM/PRTWeR3.lrux3mzjJoV5KAQATcIdoivn7bJm', `last_ip` = '0:0:0:0:0:0:0:1%0', `creation_date` = 2025-03-24 20:45:54.229, `last_seen` = 2025-03-24 20:46:31.499, `email` = null, `discord` = null, `settings` = '{"settings":[{"value":"survival","key":"last-server"},{"value":"en","key":"language"}],"version":0}' WHERE `ai` = 1" (applied to [last_seen, settings] columns)
[2025/03/24 20:46:47]: §3[nLogin] [DEBUG] [SQLite] [UPDATE]: "UPDATE `nlogin` SET `last_name` = 'sigma_toilet', `unique_id` = b28fe227eec332ab8996b39619c7e9d3,  `mojang_id` = null,  `bedrock_id` = null,  `password` = '$2a$10$fMXziqEDLXG7CbjM/PRTWeR3.lrux3mzjJoV5KAQATcIdoivn7bJm', `last_ip` = '0:0:0:0:0:0:0:1%0', `creation_date` = 2025-03-24 20:45:54.229, `last_seen` = 2025-03-24 20:46:47.574, `email` = null, `discord` = null, `settings` = '{"settings":[{"value":"survival","key":"last-server"},{"value":"en","key":"language"}],"version":0}' WHERE `ai` = 1" (applied to [last_ip, last_seen, settings] columns)
[2025/03/24 20:46:47]: [nLogin] The user sigma_toilet has successfully logged in.
[2025/03/24 20:53:27]: §3[nLogin] [DEBUG] [SQLite] [UPDATE]: "UPDATE `nlogin` SET `last_name` = 'sigma_toilet', `unique_id` = b28fe227eec332ab8996b39619c7e9d3,  `mojang_id` = null,  `bedrock_id` = null,  `password` = '$2a$10$fMXziqEDLXG7CbjM/PRTWeR3.lrux3mzjJoV5KAQATcIdoivn7bJm', `last_ip` = '0:0:0:0:0:0:0:1%0', `creation_date` = 2025-03-24 20:45:54.229, `last_seen` = 2025-03-24 20:53:27.038, `email` = null, `discord` = null, `settings` = '{"settings":[{"value":"survival","key":"last-server"},{"value":"en","key":"language"}],"version":0}' WHERE `ai` = 1" (applied to [last_seen, settings] columns)
