[20:42:02] [main/INFO] [com.velocitypowered.proxy.VelocityServer]: Booting up Velocity 3.3.0-SNAPSHOT (git-e60e2063-b399)...
[20:42:02] [main/INFO] [com.velocitypowered.proxy.VelocityServer]: Loading localizations...
[20:42:03] [main/INFO] [com.velocitypowered.proxy.network.ConnectionManager]: Connections will use epoll channels, libdeflate (Linux x86_64) compression, OpenSSL 1.1.x (Linux x86_64) ciphers
[20:42:03] [main/WARN] [com.velocitypowered.proxy.config.VelocityConfiguration]: The proxy is running in offline mode! This is a security risk and you will NOT receive any support!
[20:42:03] [main/INFO] [com.velocitypowered.proxy.VelocityServer]: Loading plugins...
[20:42:03] [main/ERROR] [com.velocitypowered.proxy.console.VelocityConsole]: :>:>:>:>:>:>:>:>:>:>:>:>:>:>:>:>:>:>:>:>:>:>:>
[20:42:03] [main/ERROR] [com.velocitypowered.proxy.console.VelocityConsole]: :>  
[20:42:03] [main/ERROR] [com.velocitypowered.proxy.console.VelocityConsole]: :>      EAGLERCRAFTXVELOCITY WARNING:
[20:42:03] [main/ERROR] [com.velocitypowered.proxy.console.VelocityConsole]: :>  
[20:42:03] [main/ERROR] [com.velocitypowered.proxy.console.VelocityConsole]: :>  This plugin wasn't tested to be 'working'
[20:42:03] [main/ERROR] [com.velocitypowered.proxy.console.VelocityConsole]: :>  with ANY version of Velocity (and forks)
[20:42:03] [main/ERROR] [com.velocitypowered.proxy.console.VelocityConsole]: :>  apart from the versions listed below:
[20:42:03] [main/ERROR] [com.velocitypowered.proxy.console.VelocityConsole]: :>  
[20:42:03] [main/ERROR] [com.velocitypowered.proxy.console.VelocityConsole]: :>  - Velocity: 3.3.0-SNAPSHOT:e60e2063:b399
[20:42:03] [main/ERROR] [com.velocitypowered.proxy.console.VelocityConsole]: :>  
[20:42:03] [main/ERROR] [com.velocitypowered.proxy.console.VelocityConsole]: :>  This is not a Bukkit/Spigot plugin!
[20:42:03] [main/ERROR] [com.velocitypowered.proxy.console.VelocityConsole]: :>  
[20:42:03] [main/ERROR] [com.velocitypowered.proxy.console.VelocityConsole]: :>  Use "-Deaglerxvelocity.stfu=true" to hide
[20:42:03] [main/ERROR] [com.velocitypowered.proxy.console.VelocityConsole]: :>  
[20:42:03] [main/ERROR] [com.velocitypowered.proxy.console.VelocityConsole]: :>:>:>:>:>:>:>:>:>:>:>:>:>:>:>:>:>:>:>:>:>:>:>
[20:42:03] [main/INFO] [com.velocitypowered.proxy.plugin.VelocityPluginManager]: Loaded plugin eaglerxvelocity 1.0.5 by lax1dude, ayunami2000
[20:42:04] [main/INFO] [com.velocitypowered.proxy.plugin.VelocityPluginManager]: Loaded plugin nlogin 10.3.27 by NickUC
[20:42:04] [main/INFO] [com.velocitypowered.proxy.VelocityServer]: Loaded 2 plugins
[20:42:04] [Velocity Async Event Executor - #0/WARN] [eaglerxvelocity]: This plugin is still in development, certain features may not be functional!
[20:42:04] [Velocity Async Event Executor - #0/WARN] [eaglerxvelocity]: Not recommended for public servers yet, please check for updates
[20:42:04] [Velocity Async Event Executor - #0/ERROR] [eaglerxvelocity]: Online mode is set to false! Authentication system has been disabled
[20:42:04] [Netty epoll Boss #0/INFO] [eaglerxvelocity]: Eaglercraft is listening on: /0.0.0.0:8081
[20:42:04] [Velocity Async Event Executor - #0/INFO] [eaglerxvelocity]: Connected to database: jdbc:sqlite:eaglercraft_skins_cache.db
[20:42:04] [Velocity Async Event Executor - #0/INFO] [eaglerxvelocity]: Voice chat disabled, add "allow_voice: true" to your listeners to enable
[20:42:05] [EaglerXVelocity: Network Tick Tasks/INFO] [eaglerxvelocity]: Downloading new certificate: https://eaglercraft.com/backup.cert
[20:42:05] [EaglerXVelocity: Network Tick Tasks/INFO] [eaglerxvelocity]: Downloading new certificate: https://deev.is/eagler/backup.cert
[20:42:05] [EaglerXVelocity: Network Tick Tasks/INFO] [eaglerxvelocity]: Loaded certificate: /workspaces/EaglerXVelocity/velocity/plugins/eaglerxvelocity/eagcert/$dl.2c63d6a9be9d273db57d50cb026093cb97ea6e54.cert
[20:42:05] [EaglerXVelocity: Network Tick Tasks/INFO] [eaglerxvelocity]: Loaded certificate: /workspaces/EaglerXVelocity/velocity/plugins/eaglerxvelocity/eagcert/$dl.ba375b9add3c01ca11899be958188189a3885a59.cert
[20:42:05] [EaglerXVelocity: Network Tick Tasks/INFO] [eaglerxvelocity]: Loaded certificate: /workspaces/EaglerXVelocity/velocity/plugins/eaglerxvelocity/eagcert/$dl.ac3aaed1273ced06ef766ab055337fbf29dc3347.cert
[20:42:06] [Velocity Async Event Executor - #0/INFO] [nlogin]: Successful plugin core start (took 0.87s)
[20:42:07] [Velocity Async Event Executor - #0/INFO] [com.velocitypowered.proxy.console.VelocityConsole]:           __             _       
[20:42:07] [Velocity Async Event Executor - #0/INFO] [com.velocitypowered.proxy.console.VelocityConsole]:   _ __   / /  ___   __ _(_)_ __  
[20:42:07] [Velocity Async Event Executor - #0/INFO] [com.velocitypowered.proxy.console.VelocityConsole]:  | '_ \ / /  / _ \ / _` | | '_ \ 
[20:42:07] [Velocity Async Event Executor - #0/INFO] [com.velocitypowered.proxy.console.VelocityConsole]:  | | | / /__| (_) | (_| | | | | |
[20:42:07] [Velocity Async Event Executor - #0/INFO] [com.velocitypowered.proxy.console.VelocityConsole]:  |_| |_\____/\___/ \__, |_|_| |_|
[20:42:07] [Velocity Async Event Executor - #0/INFO] [com.velocitypowered.proxy.console.VelocityConsole]:                   |___/            
[20:42:07] [Velocity Async Event Executor - #0/INFO] [com.velocitypowered.proxy.console.VelocityConsole]:  By: www.nickuc.com - V 10.3.27
[20:42:07] [Velocity Async Event Executor - #0/INFO] [com.velocitypowered.proxy.console.VelocityConsole]:  
[20:42:07] [Velocity Async Event Executor - #0/INFO] [nlogin]: Generating RSA keypair... (this may take a while)
[20:42:08] [nLogin - Task Executor #0/INFO] [nlogin]: Download finished (took 1090ms, hash = 6c77ce3c8214b402522c06127d69415d29b44b8b2229d241799ee27510166343)
[20:42:08] [Velocity Async Event Executor - #0/INFO] [nlogin]: The RSA key pair was successfully generated. Took 1.20s
[20:42:08] [Netty epoll Boss #1/INFO] [com.velocitypowered.proxy.network.ConnectionManager]: Listening on /[0:0:0:0:0:0:0:0%0]:25577
[20:42:08] [main/INFO] [com.velocitypowered.proxy.Velocity]: Done (6.87s)!
[20:42:13] [nLogin - Task Executor #0/INFO] [com.velocitypowered.proxy.console.VelocityConsole]: 
[20:42:13] [nLogin - Task Executor #0/INFO] [com.velocitypowered.proxy.console.VelocityConsole]:  Thank you so much for choosing nLogin! <3
[20:42:13] [nLogin - Task Executor #0/INFO] [com.velocitypowered.proxy.console.VelocityConsole]: 
[20:42:13] [nLogin - Task Executor #0/INFO] [com.velocitypowered.proxy.console.VelocityConsole]:  For your safety, please read the message below:
[20:42:13] [nLogin - Task Executor #0/INFO] [com.velocitypowered.proxy.console.VelocityConsole]:   Never download nLogin from unknown sources.
[20:42:13] [nLogin - Task Executor #0/INFO] [com.velocitypowered.proxy.console.VelocityConsole]:   A modified version may contain malicious software.
[20:42:13] [nLogin - Task Executor #0/INFO] [com.velocitypowered.proxy.console.VelocityConsole]: 
[20:42:13] [nLogin - Task Executor #0/INFO] [com.velocitypowered.proxy.console.VelocityConsole]:  Trusted sources:
[20:42:13] [nLogin - Task Executor #0/INFO] [com.velocitypowered.proxy.console.VelocityConsole]:   www.nickuc.com
[20:42:13] [nLogin - Task Executor #0/INFO] [com.velocitypowered.proxy.console.VelocityConsole]:   www.github.com/nickuc
[20:42:13] [nLogin - Task Executor #0/INFO] [com.velocitypowered.proxy.console.VelocityConsole]:   OpeNLogin installer (from Spigot or GitHub)
[20:42:13] [nLogin - Task Executor #0/INFO] [com.velocitypowered.proxy.console.VelocityConsole]: 
[20:42:13] [nLogin - Task Executor #0/INFO] [com.velocitypowered.proxy.console.VelocityConsole]:  Official support channels:
[20:42:13] [nLogin - Task Executor #0/INFO] [com.velocitypowered.proxy.console.VelocityConsole]:   Discord group: www.nickuc.com/discord
[20:42:13] [nLogin - Task Executor #0/INFO] [com.velocitypowered.proxy.console.VelocityConsole]:   Documentation: docs.nickuc.com/nlogin/
[20:42:13] [nLogin - Task Executor #0/INFO] [com.velocitypowered.proxy.console.VelocityConsole]:   Email: support@nickuc.com
[20:42:13] [nLogin - Task Executor #0/INFO] [com.velocitypowered.proxy.console.VelocityConsole]:   YouTube: youtube.com/nickuc
[20:42:13] [nLogin - Task Executor #0/INFO] [com.velocitypowered.proxy.console.VelocityConsole]: 
[20:42:13] [nLogin - Task Executor #0/INFO] [com.velocitypowered.proxy.console.VelocityConsole]:  To remove this warning, log in with "nlogin.admin" permission on the server
[20:42:13] [nLogin - Task Executor #0/INFO] [com.velocitypowered.proxy.console.VelocityConsole]:  and click the "Setup plugin" button to configure your plugin.
[20:42:13] [nLogin - Task Executor #0/INFO] [com.velocitypowered.proxy.console.VelocityConsole]: 
[20:45:33] [Netty epoll Worker #2/INFO] [eaglerxvelocity]: [/[0:0:0:0:0:0:0:1%0]:47304]: Connected via websocket
[20:45:33] [Netty epoll Worker #2/INFO] [eaglerxvelocity]: [/[0:0:0:0:0:0:0:1%0]:47304]: Origin header is null
[20:45:33] [Netty epoll Worker #2/INFO] [eaglerxvelocity]: [connected player] sigma_toilet (/[0:0:0:0:0:0:0:1%0]:47304) has connected
[20:45:33] [Netty epoll Worker #2/INFO] [com.velocitypowered.proxy.connection.MinecraftConnection]: [server connection] sigma_toilet -> lobby has connected
[20:45:54] [nLogin - Task Executor #0/INFO] [nlogin]: The user sigma_toilet has successfully registered.
[20:45:54] [Netty epoll Worker #2/INFO] [com.velocitypowered.proxy.connection.MinecraftConnection]: [server connection] sigma_toilet -> survival has connected
[20:45:55] [Netty epoll Worker #2/INFO] [com.velocitypowered.proxy.connection.MinecraftConnection]: [server connection] sigma_toilet -> lobby has disconnected
[20:46:31] [Netty epoll Worker #2/INFO] [com.velocitypowered.proxy.connection.MinecraftConnection]: [connected player] sigma_toilet (/[0:0:0:0:0:0:0:1%0]:47304) has disconnected
[20:46:31] [Netty epoll Worker #2/INFO] [com.velocitypowered.proxy.connection.MinecraftConnection]: [server connection] sigma_toilet -> survival has disconnected
[20:46:36] [Netty epoll Worker #3/INFO] [eaglerxvelocity]: [/[0:0:0:0:0:0:0:1%0]:33824]: Connected via websocket
[20:46:36] [Netty epoll Worker #3/INFO] [eaglerxvelocity]: [/[0:0:0:0:0:0:0:1%0]:33824]: Origin header is null
[20:46:36] [Netty epoll Worker #3/INFO] [eaglerxvelocity]: [connected player] sigma_toilet (/[0:0:0:0:0:0:0:1%0]:33824) has connected
[20:46:36] [Netty epoll Worker #3/INFO] [com.velocitypowered.proxy.connection.MinecraftConnection]: [server connection] sigma_toilet -> lobby has connected
[20:46:47] [nLogin - Task Executor #2/INFO] [nlogin]: The user sigma_toilet has successfully logged in.
[20:46:48] [Netty epoll Worker #3/INFO] [com.velocitypowered.proxy.connection.MinecraftConnection]: [server connection] sigma_toilet -> survival has connected
[20:46:48] [Netty epoll Worker #3/INFO] [com.velocitypowered.proxy.connection.MinecraftConnection]: [server connection] sigma_toilet -> lobby has disconnected
[20:53:27] [Netty epoll Worker #3/INFO] [com.velocitypowered.proxy.connection.MinecraftConnection]: [connected player] sigma_toilet (/[0:0:0:0:0:0:0:1%0]:33824) has disconnected
[20:53:27] [Netty epoll Worker #3/INFO] [com.velocitypowered.proxy.connection.MinecraftConnection]: [server connection] sigma_toilet -> survival has disconnected
[20:54:18] [main/INFO] [com.velocitypowered.proxy.console.VelocityConsole]: This command does not exist.
